20 Dec 00:08:41 - SPAWN: node app-scheduler.js (pid=2800)
20 Dec 00:08:41 - STREAM: ./log/scheduler
20 Dec 00:08:43 - EXIT: node app-scheduler.js (pid=2800)
20 Dec 00:08:44 - READ: `/home/chinachu/chinachu/data/reserves.json` is updated.
20 Dec 00:08:44 - WRITE: /home/chinachu/chinachu/data/recording.json
20 Dec 00:18:41 - SPAWN: node app-scheduler.js (pid=3349)
20 Dec 00:18:41 - STREAM: ./log/scheduler
20 Dec 00:18:43 - EXIT: node app-scheduler.js (pid=3349)
20 Dec 00:18:44 - READ: `/home/chinachu/chinachu/data/reserves.json` is updated.
20 Dec 00:18:44 - WRITE: /home/chinachu/chinachu/data/recording.json
20 Dec 00:28:41 - SPAWN: node app-scheduler.js (pid=3975)
20 Dec 00:28:41 - STREAM: ./log/scheduler
20 Dec 00:28:43 - EXIT: node app-scheduler.js (pid=3975)
20 Dec 00:28:44 - READ: `/home/chinachu/chinachu/data/reserves.json` is updated.
20 Dec 00:28:44 - WRITE: /home/chinachu/chinachu/data/recording.json
20 Dec 00:30:02 - WRITE: /home/chinachu/chinachu/data/recorded.json
20 Dec 00:30:02 - WRITE: /home/chinachu/chinachu/data/recording.json
20 Dec 00:30:02 - WRITE: /home/chinachu/chinachu/data/reserves.json
20 Dec 00:30:02 - FIN: #36l9gkvhqu 2019-12-20T00:00:00+0900 [チバテレ１] おいしい給食▽二人だけのカレーライス
20 Dec 00:30:03 - READ: `/home/chinachu/chinachu/data/reserves.json` is updated.
20 Dec 00:30:03 - READ: `/home/chinachu/chinachu/data/recorded.json` is updated.
20 Dec 00:38:41 - SPAWN: node app-scheduler.js (pid=4604)
20 Dec 00:38:41 - STREAM: ./log/scheduler
20 Dec 00:38:43 - EXIT: node app-scheduler.js (pid=4604)
20 Dec 00:38:44 - READ: `/home/chinachu/chinachu/data/reserves.json` is updated.
20 Dec 00:48:41 - SPAWN: node app-scheduler.js (pid=5134)
20 Dec 00:48:41 - STREAM: ./log/scheduler
20 Dec 00:48:43 - EXIT: node app-scheduler.js (pid=5134)
20 Dec 00:48:44 - READ: `/home/chinachu/chinachu/data/reserves.json` is updated.
20 Dec 00:58:41 - SPAWN: node app-scheduler.js (pid=5672)
20 Dec 00:58:41 - STREAM: ./log/scheduler
20 Dec 00:58:43 - EXIT: node app-scheduler.js (pid=5672)
20 Dec 00:58:44 - READ: `/home/chinachu/chinachu/data/reserves.json` is updated.
20 Dec 01:04:47 - PREPARE: #38224jvi1i 2019-12-20T01:05:00+0900 [テレビ朝日] 即席カルテット
20 Dec 01:04:47 - WRITE: /home/chinachu/chinachu/data/recording.json
20 Dec 01:04:50 - RECORD: #38224jvi1i 2019-12-20T01:05:00+0900 [テレビ朝日] 即席カルテット
20 Dec 01:04:50 - STREAM: /home/rec/[191220-0105]即席カルテット.ts
20 Dec 01:04:50 - WRITE: /home/chinachu/chinachu/data/recording.json
20 Dec 01:04:50 - WRITE: /home/chinachu/chinachu/data/recorded.json
20 Dec 01:04:50 - WRITE: /home/chinachu/chinachu/data/recording.json
20 Dec 01:04:50 - FIN: #38224jvi1i 2019-12-20T01:05:00+0900 [テレビ朝日] 即席カルテット
20 Dec 01:04:51 - READ: `/home/chinachu/chinachu/data/recorded.json` is updated.
20 Dec 01:04:53 - PREPARE: #38224jvi1i 2019-12-20T01:05:00+0900 [テレビ朝日] 即席カルテット
20 Dec 01:04:53 - WRITE: /home/chinachu/chinachu/data/recording.json
20 Dec 01:05:01 - RECORD: #38224jvi1i 2019-12-20T01:05:00+0900 [テレビ朝日] 即席カルテット
20 Dec 01:05:01 - STREAM: /home/rec/[191220-0105]即席カルテット.ts
20 Dec 01:05:01 - WRITE: /home/chinachu/chinachu/data/recording.json
20 Dec 01:08:41 - SPAWN: node app-scheduler.js (pid=6246)
20 Dec 01:08:41 - STREAM: ./log/scheduler
20 Dec 01:08:43 - EXIT: node app-scheduler.js (pid=6246)
20 Dec 01:08:44 - READ: `/home/chinachu/chinachu/data/reserves.json` is updated.
20 Dec 01:08:44 - WRITE: /home/chinachu/chinachu/data/recording.json
20 Dec 01:08:47 - PREPARE: #381ocd7ymj 2019-12-20T01:09:00+0900 [日テレ１] ｅＧＧ
20 Dec 01:08:47 - WRITE: /home/chinachu/chinachu/data/recording.json
20 Dec 01:09:00 - RECORD: #381ocd7ymj 2019-12-20T01:09:00+0900 [日テレ１] ｅＧＧ
20 Dec 01:09:00 - STREAM: /home/rec/[191220-0109]ｅＧＧ.ts
20 Dec 01:09:00 - WRITE: /home/chinachu/chinachu/data/recording.json
20 Dec 01:09:47 - PREPARE: #38224jvi1k 2019-12-20T01:10:00+0900 [テレビ朝日] 無料屋　豪華プレゼントあげまくり生放送！　最新家電、絶品スイーツなど続々登場
20 Dec 01:09:47 - WRITE: /home/chinachu/chinachu/data/recording.json
20 Dec 01:10:01 - RECORD: #38224jvi1k 2019-12-20T01:10:00+0900 [テレビ朝日] 無料屋　豪華プレゼントあげまくり生放送！　最新家電、絶品スイーツなど続々登場
20 Dec 01:10:01 - STREAM: /home/rec/[191220-0110]無料屋　豪華プレゼントあげまくり生放送！　最新家電、絶品スイーツなど続々登場.ts
20 Dec 01:10:01 - WRITE: /home/chinachu/chinachu/data/recording.json
20 Dec 01:10:02 - WRITE: /home/chinachu/chinachu/data/recorded.json
20 Dec 01:10:02 - WRITE: /home/chinachu/chinachu/data/recording.json
20 Dec 01:10:02 - FIN: #38224jvi1i 2019-12-20T01:05:00+0900 [テレビ朝日] 即席カルテット
20 Dec 01:10:03 - READ: `/home/chinachu/chinachu/data/recorded.json` is updated.
20 Dec 01:18:41 - SPAWN: node app-scheduler.js (pid=6779)
20 Dec 01:18:41 - STREAM: ./log/scheduler
20 Dec 01:18:43 - EXIT: node app-scheduler.js (pid=6779)
20 Dec 01:18:44 - READ: `/home/chinachu/chinachu/data/reserves.json` is updated.
20 Dec 01:18:44 - WRITE: /home/chinachu/chinachu/data/recording.json
20 Dec 01:28:41 - SPAWN: node app-scheduler.js (pid=7310)
20 Dec 01:28:41 - STREAM: ./log/scheduler
20 Dec 01:28:43 - EXIT: node app-scheduler.js (pid=7310)
20 Dec 01:28:44 - READ: `/home/chinachu/chinachu/data/reserves.json` is updated.
20 Dec 01:28:44 - WRITE: /home/chinachu/chinachu/data/recording.json
20 Dec 01:38:41 - SPAWN: node app-scheduler.js (pid=7828)
20 Dec 01:38:41 - STREAM: ./log/scheduler
20 Dec 01:38:43 - EXIT: node app-scheduler.js (pid=7828)
20 Dec 01:38:44 - READ: `/home/chinachu/chinachu/data/reserves.json` is updated.
20 Dec 01:38:44 - WRITE: /home/chinachu/chinachu/data/recording.json
20 Dec 01:48:41 - SPAWN: node app-scheduler.js (pid=8350)
20 Dec 01:48:41 - STREAM: ./log/scheduler
20 Dec 01:48:43 - EXIT: node app-scheduler.js (pid=8350)
20 Dec 01:48:44 - READ: `/home/chinachu/chinachu/data/reserves.json` is updated.
20 Dec 01:48:44 - WRITE: /home/chinachu/chinachu/data/recording.json
20 Dec 01:58:41 - SPAWN: node app-scheduler.js (pid=8854)
20 Dec 01:58:41 - STREAM: ./log/scheduler
20 Dec 01:58:43 - EXIT: node app-scheduler.js (pid=8854)
20 Dec 01:58:44 - READ: `/home/chinachu/chinachu/data/reserves.json` is updated.
20 Dec 01:58:44 - WRITE: /home/chinachu/chinachu/data/recording.json
20 Dec 01:59:01 - WRITE: /home/chinachu/chinachu/data/recorded.json
20 Dec 01:59:01 - WRITE: /home/chinachu/chinachu/data/recording.json
20 Dec 01:59:01 - FIN: #381ocd7ymj 2019-12-20T01:09:00+0900 [日テレ１] ｅＧＧ
20 Dec 01:59:02 - READ: `/home/chinachu/chinachu/data/recorded.json` is updated.
20 Dec 02:08:41 - SPAWN: node app-scheduler.js (pid=9480)
20 Dec 02:08:41 - STREAM: ./log/scheduler
20 Dec 02:08:43 - EXIT: node app-scheduler.js (pid=9480)
20 Dec 02:08:44 - READ: `/home/chinachu/chinachu/data/reserves.json` is updated.
20 Dec 02:08:44 - WRITE: /home/chinachu/chinachu/data/recording.json
20 Dec 02:09:47 - PREPARE: #381xj5ny4f 2019-12-20T02:10:00+0900 [フジテレビ] ♯ミレニアガール＜フジテレビからの！＞
20 Dec 02:09:47 - WRITE: /home/chinachu/chinachu/data/recording.json
20 Dec 02:10:02 - RECORD: #381xj5ny4f 2019-12-20T02:10:00+0900 [フジテレビ] ♯ミレニアガール＜フジテレビからの！＞
20 Dec 02:10:02 - STREAM: /home/rec/[191220-0210]♯ミレニアガール＜フジテレビからの！＞.ts
20 Dec 02:10:02 - WRITE: /home/chinachu/chinachu/data/recording.json
20 Dec 02:18:41 - SPAWN: node app-scheduler.js (pid=10037)
20 Dec 02:18:41 - STREAM: ./log/scheduler
20 Dec 02:18:43 - EXIT: node app-scheduler.js (pid=10037)
20 Dec 02:18:44 - READ: `/home/chinachu/chinachu/data/reserves.json` is updated.
20 Dec 02:18:44 - WRITE: /home/chinachu/chinachu/data/recording.json
20 Dec 02:28:41 - SPAWN: node app-scheduler.js (pid=10553)
20 Dec 02:28:41 - STREAM: ./log/scheduler
20 Dec 02:28:43 - EXIT: node app-scheduler.js (pid=10553)
20 Dec 02:28:44 - READ: `/home/chinachu/chinachu/data/reserves.json` is updated.
20 Dec 02:28:44 - WRITE: /home/chinachu/chinachu/data/recording.json
20 Dec 02:38:41 - SPAWN: node app-scheduler.js (pid=11074)
20 Dec 02:38:41 - STREAM: ./log/scheduler
20 Dec 02:38:43 - EXIT: node app-scheduler.js (pid=11074)
20 Dec 02:38:44 - READ: `/home/chinachu/chinachu/data/reserves.json` is updated.
20 Dec 02:38:44 - WRITE: /home/chinachu/chinachu/data/recording.json
20 Dec 02:48:41 - SPAWN: node app-scheduler.js (pid=11604)
20 Dec 02:48:41 - STREAM: ./log/scheduler
20 Dec 02:48:43 - EXIT: node app-scheduler.js (pid=11604)
20 Dec 02:48:44 - READ: `/home/chinachu/chinachu/data/reserves.json` is updated.
20 Dec 02:48:44 - WRITE: /home/chinachu/chinachu/data/recording.json
20 Dec 02:58:41 - SPAWN: node app-scheduler.js (pid=12104)
20 Dec 02:58:41 - STREAM: ./log/scheduler
20 Dec 02:58:43 - EXIT: node app-scheduler.js (pid=12104)
20 Dec 02:58:44 - READ: `/home/chinachu/chinachu/data/reserves.json` is updated.
20 Dec 02:58:44 - WRITE: /home/chinachu/chinachu/data/recording.json
20 Dec 03:04:45 - PREPARE: #38224jvi1q 2019-12-20T03:05:00+0900 [テレビ朝日] 全力坂
20 Dec 03:04:45 - WRITE: /home/chinachu/chinachu/data/recording.json
20 Dec 03:05:01 - RECORD: #38224jvi1q 2019-12-20T03:05:00+0900 [テレビ朝日] 全力坂
20 Dec 03:05:01 - STREAM: /home/rec/[191220-0305]全力坂.ts
20 Dec 03:05:01 - WRITE: /home/chinachu/chinachu/data/recording.json
20 Dec 03:05:02 - WRITE: /home/chinachu/chinachu/data/recorded.json
20 Dec 03:05:02 - WRITE: /home/chinachu/chinachu/data/recording.json
20 Dec 03:05:02 - FIN: #38224jvi1k 2019-12-20T01:10:00+0900 [テレビ朝日] 無料屋　豪華プレゼントあげまくり生放送！　最新家電、絶品スイーツなど続々登場
20 Dec 03:05:03 - READ: `/home/chinachu/chinachu/data/recorded.json` is updated.
20 Dec 03:08:41 - SPAWN: node app-scheduler.js (pid=12647)
20 Dec 03:08:41 - STREAM: ./log/scheduler
20 Dec 03:08:43 - EXIT: node app-scheduler.js (pid=12647)
20 Dec 03:08:44 - READ: `/home/chinachu/chinachu/data/reserves.json` is updated.
20 Dec 03:08:44 - WRITE: /home/chinachu/chinachu/data/recording.json
20 Dec 03:10:03 - WRITE: /home/chinachu/chinachu/data/recorded.json
20 Dec 03:10:03 - WRITE: /home/chinachu/chinachu/data/recording.json
20 Dec 03:10:03 - FIN: #381xj5ny4f 2019-12-20T02:10:00+0900 [フジテレビ] ♯ミレニアガール＜フジテレビからの！＞
20 Dec 03:10:04 - READ: `/home/chinachu/chinachu/data/recorded.json` is updated.
20 Dec 03:11:02 - WRITE: /home/chinachu/chinachu/data/recorded.json
20 Dec 03:11:02 - WRITE: /home/chinachu/chinachu/data/recording.json
20 Dec 03:11:02 - FIN: #38224jvi1q 2019-12-20T03:05:00+0900 [テレビ朝日] 全力坂
20 Dec 03:11:03 - READ: `/home/chinachu/chinachu/data/recorded.json` is updated.
20 Dec 03:18:41 - SPAWN: node app-scheduler.js (pid=13177)
20 Dec 03:18:41 - STREAM: ./log/scheduler
20 Dec 03:18:44 - EXIT: node app-scheduler.js (pid=13177)
20 Dec 03:18:45 - READ: `/home/chinachu/chinachu/data/reserves.json` is updated.
20 Dec 03:28:42 - SPAWN: node app-scheduler.js (pid=13798)
20 Dec 03:28:42 - STREAM: ./log/scheduler
20 Dec 03:28:44 - EXIT: node app-scheduler.js (pid=13798)
20 Dec 03:28:45 - READ: `/home/chinachu/chinachu/data/reserves.json` is updated.
20 Dec 03:38:42 - SPAWN: node app-scheduler.js (pid=14488)
20 Dec 03:38:42 - STREAM: ./log/scheduler
20 Dec 03:38:44 - EXIT: node app-scheduler.js (pid=14488)
20 Dec 03:38:45 - READ: `/home/chinachu/chinachu/data/reserves.json` is updated.
20 Dec 03:48:42 - SPAWN: node app-scheduler.js (pid=15070)
20 Dec 03:48:42 - STREAM: ./log/scheduler
20 Dec 03:48:44 - EXIT: node app-scheduler.js (pid=15070)
20 Dec 03:48:45 - READ: `/home/chinachu/chinachu/data/reserves.json` is updated.
20 Dec 03:58:42 - SPAWN: node app-scheduler.js (pid=15571)
20 Dec 03:58:42 - STREAM: ./log/scheduler
20 Dec 03:58:44 - EXIT: node app-scheduler.js (pid=15571)
20 Dec 03:58:45 - READ: `/home/chinachu/chinachu/data/reserves.json` is updated.
20 Dec 04:08:42 - SPAWN: node app-scheduler.js (pid=16121)
20 Dec 04:08:42 - STREAM: ./log/scheduler
20 Dec 04:08:44 - EXIT: node app-scheduler.js (pid=16121)
20 Dec 04:08:45 - READ: `/home/chinachu/chinachu/data/reserves.json` is updated.
20 Dec 04:18:42 - SPAWN: node app-scheduler.js (pid=16831)
20 Dec 04:18:42 - STREAM: ./log/scheduler
20 Dec 04:18:44 - EXIT: node app-scheduler.js (pid=16831)
20 Dec 04:18:45 - READ: `/home/chinachu/chinachu/data/reserves.json` is updated.
20 Dec 04:28:42 - SPAWN: node app-scheduler.js (pid=17449)
20 Dec 04:28:42 - STREAM: ./log/scheduler
20 Dec 04:28:44 - EXIT: node app-scheduler.js (pid=17449)
20 Dec 04:28:45 - READ: `/home/chinachu/chinachu/data/reserves.json` is updated.
20 Dec 04:38:42 - SPAWN: node app-scheduler.js (pid=17978)
20 Dec 04:38:42 - STREAM: ./log/scheduler
20 Dec 04:38:44 - EXIT: node app-scheduler.js (pid=17978)
20 Dec 04:38:45 - READ: `/home/chinachu/chinachu/data/reserves.json` is updated.
20 Dec 04:48:42 - SPAWN: node app-scheduler.js (pid=18499)
20 Dec 04:48:42 - STREAM: ./log/scheduler
20 Dec 04:48:44 - EXIT: node app-scheduler.js (pid=18499)
20 Dec 04:48:45 - READ: `/home/chinachu/chinachu/data/reserves.json` is updated.
20 Dec 04:58:42 - SPAWN: node app-scheduler.js (pid=19017)
20 Dec 04:58:42 - STREAM: ./log/scheduler
20 Dec 04:58:44 - EXIT: node app-scheduler.js (pid=19017)
20 Dec 04:58:45 - READ: `/home/chinachu/chinachu/data/reserves.json` is updated.
20 Dec 05:08:43 - SPAWN: node app-scheduler.js (pid=19595)
20 Dec 05:08:43 - STREAM: ./log/scheduler
20 Dec 05:08:45 - EXIT: node app-scheduler.js (pid=19595)
20 Dec 05:08:46 - READ: `/home/chinachu/chinachu/data/reserves.json` is updated.
20 Dec 05:18:43 - SPAWN: node app-scheduler.js (pid=20115)
20 Dec 05:18:43 - STREAM: ./log/scheduler
20 Dec 05:18:45 - EXIT: node app-scheduler.js (pid=20115)
20 Dec 05:18:46 - READ: `/home/chinachu/chinachu/data/reserves.json` is updated.
20 Dec 05:28:43 - SPAWN: node app-scheduler.js (pid=20638)
20 Dec 05:28:43 - STREAM: ./log/scheduler
20 Dec 05:28:45 - EXIT: node app-scheduler.js (pid=20638)
20 Dec 05:28:46 - READ: `/home/chinachu/chinachu/data/reserves.json` is updated.
20 Dec 05:38:43 - SPAWN: node app-scheduler.js (pid=21181)
20 Dec 05:38:43 - STREAM: ./log/scheduler
20 Dec 05:38:45 - EXIT: node app-scheduler.js (pid=21181)
20 Dec 05:38:46 - READ: `/home/chinachu/chinachu/data/reserves.json` is updated.
20 Dec 05:48:43 - SPAWN: node app-scheduler.js (pid=21732)
20 Dec 05:48:43 - STREAM: ./log/scheduler
20 Dec 05:48:45 - EXIT: node app-scheduler.js (pid=21732)
20 Dec 05:48:46 - READ: `/home/chinachu/chinachu/data/reserves.json` is updated.
20 Dec 05:58:43 - SPAWN: node app-scheduler.js (pid=22233)
20 Dec 05:58:43 - STREAM: ./log/scheduler
20 Dec 05:58:45 - EXIT: node app-scheduler.js (pid=22233)
20 Dec 05:58:46 - READ: `/home/chinachu/chinachu/data/reserves.json` is updated.
20 Dec 06:08:43 - SPAWN: node app-scheduler.js (pid=22782)
20 Dec 06:08:43 - STREAM: ./log/scheduler
20 Dec 06:08:45 - EXIT: node app-scheduler.js (pid=22782)
20 Dec 06:08:46 - READ: `/home/chinachu/chinachu/data/reserves.json` is updated.
20 Dec 06:18:43 - SPAWN: node app-scheduler.js (pid=23332)
20 Dec 06:18:43 - STREAM: ./log/scheduler
20 Dec 06:18:45 - EXIT: node app-scheduler.js (pid=23332)
20 Dec 06:18:46 - READ: `/home/chinachu/chinachu/data/reserves.json` is updated.
20 Dec 06:28:43 - SPAWN: node app-scheduler.js (pid=23867)
20 Dec 06:28:43 - STREAM: ./log/scheduler
20 Dec 06:28:45 - EXIT: node app-scheduler.js (pid=23867)
20 Dec 06:28:46 - READ: `/home/chinachu/chinachu/data/reserves.json` is updated.
20 Dec 06:38:43 - SPAWN: node app-scheduler.js (pid=24384)
20 Dec 06:38:43 - STREAM: ./log/scheduler
20 Dec 06:38:45 - EXIT: node app-scheduler.js (pid=24384)
20 Dec 06:38:46 - READ: `/home/chinachu/chinachu/data/reserves.json` is updated.
20 Dec 06:48:44 - SPAWN: node app-scheduler.js (pid=24920)
20 Dec 06:48:44 - STREAM: ./log/scheduler
20 Dec 06:48:46 - EXIT: node app-scheduler.js (pid=24920)
20 Dec 06:48:47 - READ: `/home/chinachu/chinachu/data/reserves.json` is updated.
20 Dec 06:58:44 - SPAWN: node app-scheduler.js (pid=25458)
20 Dec 06:58:44 - STREAM: ./log/scheduler
20 Dec 06:58:46 - EXIT: node app-scheduler.js (pid=25458)
20 Dec 06:58:47 - READ: `/home/chinachu/chinachu/data/reserves.json` is updated.
20 Dec 07:08:44 - SPAWN: node app-scheduler.js (pid=26006)
20 Dec 07:08:44 - STREAM: ./log/scheduler
20 Dec 07:08:46 - EXIT: node app-scheduler.js (pid=26006)
20 Dec 07:08:47 - READ: `/home/chinachu/chinachu/data/reserves.json` is updated.
20 Dec 07:18:44 - SPAWN: node app-scheduler.js (pid=26527)
20 Dec 07:18:44 - STREAM: ./log/scheduler
20 Dec 07:18:46 - EXIT: node app-scheduler.js (pid=26527)
20 Dec 07:18:47 - READ: `/home/chinachu/chinachu/data/reserves.json` is updated.
20 Dec 07:28:44 - SPAWN: node app-scheduler.js (pid=27066)
20 Dec 07:28:44 - STREAM: ./log/scheduler
20 Dec 07:28:46 - EXIT: node app-scheduler.js (pid=27066)
20 Dec 07:28:47 - READ: `/home/chinachu/chinachu/data/reserves.json` is updated.
20 Dec 07:38:44 - SPAWN: node app-scheduler.js (pid=27625)
20 Dec 07:38:44 - STREAM: ./log/scheduler
20 Dec 07:38:46 - EXIT: node app-scheduler.js (pid=27625)
20 Dec 07:38:47 - READ: `/home/chinachu/chinachu/data/reserves.json` is updated.
20 Dec 07:48:50 - SPAWN: node app-scheduler.js (pid=28167)
20 Dec 07:48:50 - STREAM: ./log/scheduler
20 Dec 07:48:52 - EXIT: node app-scheduler.js (pid=28167)
20 Dec 07:48:53 - READ: `/home/chinachu/chinachu/data/reserves.json` is updated.
20 Dec 07:58:50 - SPAWN: node app-scheduler.js (pid=28675)
20 Dec 07:58:50 - STREAM: ./log/scheduler
20 Dec 07:58:52 - EXIT: node app-scheduler.js (pid=28675)
20 Dec 07:58:53 - READ: `/home/chinachu/chinachu/data/reserves.json` is updated.
20 Dec 08:08:50 - SPAWN: node app-scheduler.js (pid=29241)
20 Dec 08:08:50 - STREAM: ./log/scheduler
20 Dec 08:08:52 - EXIT: node app-scheduler.js (pid=29241)
20 Dec 08:08:53 - READ: `/home/chinachu/chinachu/data/reserves.json` is updated.
20 Dec 08:18:50 - SPAWN: node app-scheduler.js (pid=29787)
20 Dec 08:18:50 - STREAM: ./log/scheduler
20 Dec 08:18:52 - EXIT: node app-scheduler.js (pid=29787)
20 Dec 08:18:53 - READ: `/home/chinachu/chinachu/data/reserves.json` is updated.
20 Dec 08:28:50 - SPAWN: node app-scheduler.js (pid=30305)
20 Dec 08:28:50 - STREAM: ./log/scheduler
20 Dec 08:28:52 - EXIT: node app-scheduler.js (pid=30305)
20 Dec 08:28:53 - READ: `/home/chinachu/chinachu/data/reserves.json` is updated.
20 Dec 08:38:50 - SPAWN: node app-scheduler.js (pid=30834)
20 Dec 08:38:50 - STREAM: ./log/scheduler
20 Dec 08:38:52 - EXIT: node app-scheduler.js (pid=30834)
20 Dec 08:38:53 - READ: `/home/chinachu/chinachu/data/reserves.json` is updated.
20 Dec 08:48:51 - SPAWN: node app-scheduler.js (pid=31388)
20 Dec 08:48:51 - STREAM: ./log/scheduler
20 Dec 08:48:53 - EXIT: node app-scheduler.js (pid=31388)
20 Dec 08:48:54 - READ: `/home/chinachu/chinachu/data/reserves.json` is updated.
20 Dec 08:58:51 - SPAWN: node app-scheduler.js (pid=31906)
20 Dec 08:58:51 - STREAM: ./log/scheduler
20 Dec 08:58:53 - EXIT: node app-scheduler.js (pid=31906)
20 Dec 08:58:54 - READ: `/home/chinachu/chinachu/data/reserves.json` is updated.
20 Dec 09:08:51 - SPAWN: node app-scheduler.js (pid=32444)
20 Dec 09:08:51 - STREAM: ./log/scheduler
20 Dec 09:08:53 - EXIT: node app-scheduler.js (pid=32444)
20 Dec 09:08:54 - READ: `/home/chinachu/chinachu/data/reserves.json` is updated.
20 Dec 09:14:45 - PREPARE: #381jqz0nbp 2019-12-20T09:15:00+0900 [ＮＨＫＥテレ１東京] ストレッチマン・ゴールド
20 Dec 09:14:45 - WRITE: /home/chinachu/chinachu/data/recording.json
20 Dec 09:14:48 - RECORD: #381jqz0nbp 2019-12-20T09:15:00+0900 [ＮＨＫＥテレ１東京] ストレッチマン・ゴールド
20 Dec 09:14:48 - STREAM: /home/rec/[191220-0915]ストレッチマン・ゴールド.ts
20 Dec 09:14:48 - WRITE: /home/chinachu/chinachu/data/recording.json
20 Dec 09:14:48 - WRITE: /home/chinachu/chinachu/data/recorded.json
20 Dec 09:14:48 - WRITE: /home/chinachu/chinachu/data/recording.json
20 Dec 09:14:48 - FIN: #381jqz0nbp 2019-12-20T09:15:00+0900 [ＮＨＫＥテレ１東京] ストレッチマン・ゴールド
20 Dec 09:14:49 - READ: `/home/chinachu/chinachu/data/recorded.json` is updated.
20 Dec 09:14:51 - PREPARE: #381jqz0nbp 2019-12-20T09:15:00+0900 [ＮＨＫＥテレ１東京] ストレッチマン・ゴールド
20 Dec 09:14:51 - WRITE: /home/chinachu/chinachu/data/recording.json
20 Dec 09:15:01 - RECORD: #381jqz0nbp 2019-12-20T09:15:00+0900 [ＮＨＫＥテレ１東京] ストレッチマン・ゴールド
20 Dec 09:15:01 - STREAM: /home/rec/[191220-0915]ストレッチマン・ゴールド.ts
20 Dec 09:15:01 - WRITE: /home/chinachu/chinachu/data/recording.json
20 Dec 09:18:51 - SPAWN: node app-scheduler.js (pid=568)
20 Dec 09:18:51 - STREAM: ./log/scheduler
20 Dec 09:18:53 - EXIT: node app-scheduler.js (pid=568)
20 Dec 09:18:54 - READ: `/home/chinachu/chinachu/data/reserves.json` is updated.
20 Dec 09:18:54 - WRITE: /home/chinachu/chinachu/data/recording.json
20 Dec 09:25:02 - WRITE: /home/chinachu/chinachu/data/recorded.json
20 Dec 09:25:02 - WRITE: /home/chinachu/chinachu/data/recording.json
20 Dec 09:25:02 - FIN: #381jqz0nbp 2019-12-20T09:15:00+0900 [ＮＨＫＥテレ１東京] ストレッチマン・ゴールド
20 Dec 09:25:03 - READ: `/home/chinachu/chinachu/data/recorded.json` is updated.
20 Dec 09:28:51 - SPAWN: node app-scheduler.js (pid=1150)
20 Dec 09:28:51 - STREAM: ./log/scheduler
20 Dec 09:28:53 - EXIT: node app-scheduler.js (pid=1150)
20 Dec 09:28:54 - READ: `/home/chinachu/chinachu/data/reserves.json` is updated.
20 Dec 09:38:51 - SPAWN: node app-scheduler.js (pid=1795)
20 Dec 09:38:51 - STREAM: ./log/scheduler
20 Dec 09:38:53 - EXIT: node app-scheduler.js (pid=1795)
20 Dec 09:38:54 - READ: `/home/chinachu/chinachu/data/reserves.json` is updated.
20 Dec 09:48:51 - SPAWN: node app-scheduler.js (pid=2319)
20 Dec 09:48:51 - STREAM: ./log/scheduler
20 Dec 09:48:53 - EXIT: node app-scheduler.js (pid=2319)
20 Dec 09:48:54 - READ: `/home/chinachu/chinachu/data/reserves.json` is updated.
20 Dec 09:58:51 - SPAWN: node app-scheduler.js (pid=2828)
20 Dec 09:58:51 - STREAM: ./log/scheduler
20 Dec 09:58:53 - EXIT: node app-scheduler.js (pid=2828)
20 Dec 09:58:54 - READ: `/home/chinachu/chinachu/data/reserves.json` is updated.
20 Dec 10:08:51 - SPAWN: node app-scheduler.js (pid=3388)
20 Dec 10:08:51 - STREAM: ./log/scheduler
20 Dec 10:08:53 - EXIT: node app-scheduler.js (pid=3388)
20 Dec 10:08:54 - READ: `/home/chinachu/chinachu/data/reserves.json` is updated.
20 Dec 10:18:51 - SPAWN: node app-scheduler.js (pid=3942)
20 Dec 10:18:51 - STREAM: ./log/scheduler
20 Dec 10:18:53 - EXIT: node app-scheduler.js (pid=3942)
20 Dec 10:18:54 - READ: `/home/chinachu/chinachu/data/reserves.json` is updated.
20 Dec 10:28:51 - SPAWN: node app-scheduler.js (pid=4456)
20 Dec 10:28:51 - STREAM: ./log/scheduler
20 Dec 10:28:53 - EXIT: node app-scheduler.js (pid=4456)
20 Dec 10:28:54 - READ: `/home/chinachu/chinachu/data/reserves.json` is updated.
20 Dec 10:38:51 - SPAWN: node app-scheduler.js (pid=4987)
20 Dec 10:38:51 - STREAM: ./log/scheduler
20 Dec 10:38:53 - EXIT: node app-scheduler.js (pid=4987)
20 Dec 10:38:54 - READ: `/home/chinachu/chinachu/data/reserves.json` is updated.
20 Dec 10:48:52 - SPAWN: node app-scheduler.js (pid=5537)
20 Dec 10:48:52 - STREAM: ./log/scheduler
20 Dec 10:48:54 - EXIT: node app-scheduler.js (pid=5537)
20 Dec 10:48:55 - READ: `/home/chinachu/chinachu/data/reserves.json` is updated.
20 Dec 10:58:52 - SPAWN: node app-scheduler.js (pid=6059)
20 Dec 10:58:52 - STREAM: ./log/scheduler
20 Dec 10:58:54 - EXIT: node app-scheduler.js (pid=6059)
20 Dec 10:58:55 - READ: `/home/chinachu/chinachu/data/reserves.json` is updated.
20 Dec 11:08:52 - SPAWN: node app-scheduler.js (pid=6596)
20 Dec 11:08:52 - STREAM: ./log/scheduler
20 Dec 11:08:54 - EXIT: node app-scheduler.js (pid=6596)
20 Dec 11:08:55 - READ: `/home/chinachu/chinachu/data/reserves.json` is updated.
20 Dec 11:18:52 - SPAWN: node app-scheduler.js (pid=7117)
20 Dec 11:18:52 - STREAM: ./log/scheduler
20 Dec 11:18:54 - EXIT: node app-scheduler.js (pid=7117)
20 Dec 11:18:55 - READ: `/home/chinachu/chinachu/data/reserves.json` is updated.
20 Dec 11:28:52 - SPAWN: node app-scheduler.js (pid=7654)
20 Dec 11:28:52 - STREAM: ./log/scheduler
20 Dec 11:28:54 - EXIT: node app-scheduler.js (pid=7654)
20 Dec 11:28:55 - READ: `/home/chinachu/chinachu/data/reserves.json` is updated.
20 Dec 11:38:52 - SPAWN: node app-scheduler.js (pid=8213)
20 Dec 11:38:52 - STREAM: ./log/scheduler
20 Dec 11:38:54 - EXIT: node app-scheduler.js (pid=8213)
20 Dec 11:38:55 - READ: `/home/chinachu/chinachu/data/reserves.json` is updated.
20 Dec 11:48:52 - SPAWN: node app-scheduler.js (pid=8731)
20 Dec 11:48:52 - STREAM: ./log/scheduler
20 Dec 11:48:54 - EXIT: node app-scheduler.js (pid=8731)
20 Dec 11:48:55 - READ: `/home/chinachu/chinachu/data/reserves.json` is updated.
20 Dec 11:58:52 - SPAWN: node app-scheduler.js (pid=9240)
20 Dec 11:58:52 - STREAM: ./log/scheduler
20 Dec 11:58:54 - EXIT: node app-scheduler.js (pid=9240)
20 Dec 11:58:55 - READ: `/home/chinachu/chinachu/data/reserves.json` is updated.
20 Dec 12:08:52 - SPAWN: node app-scheduler.js (pid=9797)
20 Dec 12:08:52 - STREAM: ./log/scheduler
20 Dec 12:08:54 - EXIT: node app-scheduler.js (pid=9797)
20 Dec 12:08:55 - READ: `/home/chinachu/chinachu/data/reserves.json` is updated.
20 Dec 12:18:52 - SPAWN: node app-scheduler.js (pid=10351)
20 Dec 12:18:52 - STREAM: ./log/scheduler
20 Dec 12:18:54 - EXIT: node app-scheduler.js (pid=10351)
20 Dec 12:18:55 - READ: `/home/chinachu/chinachu/data/reserves.json` is updated.
20 Dec 12:28:52 - SPAWN: node app-scheduler.js (pid=10867)
20 Dec 12:28:52 - STREAM: ./log/scheduler
20 Dec 12:28:54 - EXIT: node app-scheduler.js (pid=10867)
20 Dec 12:28:55 - READ: `/home/chinachu/chinachu/data/reserves.json` is updated.
20 Dec 12:38:53 - SPAWN: node app-scheduler.js (pid=11393)
20 Dec 12:38:53 - STREAM: ./log/scheduler
20 Dec 12:38:55 - EXIT: node app-scheduler.js (pid=11393)
20 Dec 12:38:56 - READ: `/home/chinachu/chinachu/data/reserves.json` is updated.
20 Dec 12:48:53 - SPAWN: node app-scheduler.js (pid=11941)
20 Dec 12:48:53 - STREAM: ./log/scheduler
20 Dec 12:48:55 - EXIT: node app-scheduler.js (pid=11941)
20 Dec 12:48:56 - READ: `/home/chinachu/chinachu/data/reserves.json` is updated.
20 Dec 12:58:53 - SPAWN: node app-scheduler.js (pid=12470)
20 Dec 12:58:53 - STREAM: ./log/scheduler
20 Dec 12:58:55 - EXIT: node app-scheduler.js (pid=12470)
20 Dec 12:58:56 - READ: `/home/chinachu/chinachu/data/reserves.json` is updated.
20 Dec 13:08:53 - SPAWN: node app-scheduler.js (pid=13009)
20 Dec 13:08:53 - STREAM: ./log/scheduler
20 Dec 13:08:55 - EXIT: node app-scheduler.js (pid=13009)
20 Dec 13:08:56 - READ: `/home/chinachu/chinachu/data/reserves.json` is updated.
20 Dec 13:18:53 - SPAWN: node app-scheduler.js (pid=13538)
20 Dec 13:18:53 - STREAM: ./log/scheduler
20 Dec 13:18:55 - EXIT: node app-scheduler.js (pid=13538)
20 Dec 13:18:56 - READ: `/home/chinachu/chinachu/data/reserves.json` is updated.
20 Dec 13:28:53 - SPAWN: node app-scheduler.js (pid=14091)
20 Dec 13:28:53 - STREAM: ./log/scheduler
20 Dec 13:28:55 - EXIT: node app-scheduler.js (pid=14091)
20 Dec 13:28:56 - READ: `/home/chinachu/chinachu/data/reserves.json` is updated.
20 Dec 13:38:53 - SPAWN: node app-scheduler.js (pid=14625)
20 Dec 13:38:53 - STREAM: ./log/scheduler
20 Dec 13:38:55 - EXIT: node app-scheduler.js (pid=14625)
20 Dec 13:38:56 - READ: `/home/chinachu/chinachu/data/reserves.json` is updated.
20 Dec 13:48:53 - SPAWN: node app-scheduler.js (pid=15148)
20 Dec 13:48:53 - STREAM: ./log/scheduler
20 Dec 13:48:55 - EXIT: node app-scheduler.js (pid=15148)
20 Dec 13:48:56 - READ: `/home/chinachu/chinachu/data/reserves.json` is updated.
20 Dec 13:58:53 - SPAWN: node app-scheduler.js (pid=15662)
20 Dec 13:58:53 - STREAM: ./log/scheduler
20 Dec 13:58:55 - EXIT: node app-scheduler.js (pid=15662)
20 Dec 13:58:56 - READ: `/home/chinachu/chinachu/data/reserves.json` is updated.
20 Dec 14:08:59 - SPAWN: node app-scheduler.js (pid=16243)
20 Dec 14:08:59 - STREAM: ./log/scheduler
20 Dec 14:09:01 - EXIT: node app-scheduler.js (pid=16243)
20 Dec 14:09:02 - READ: `/home/chinachu/chinachu/data/reserves.json` is updated.
20 Dec 14:18:59 - SPAWN: node app-scheduler.js (pid=16765)
20 Dec 14:18:59 - STREAM: ./log/scheduler
20 Dec 14:19:01 - EXIT: node app-scheduler.js (pid=16765)
20 Dec 14:19:02 - READ: `/home/chinachu/chinachu/data/reserves.json` is updated.
20 Dec 14:28:59 - SPAWN: node app-scheduler.js (pid=17288)
20 Dec 14:28:59 - STREAM: ./log/scheduler
20 Dec 14:29:01 - EXIT: node app-scheduler.js (pid=17288)
20 Dec 14:29:02 - READ: `/home/chinachu/chinachu/data/reserves.json` is updated.
20 Dec 14:39:00 - SPAWN: node app-scheduler.js (pid=17826)
20 Dec 14:39:00 - STREAM: ./log/scheduler
20 Dec 14:39:02 - EXIT: node app-scheduler.js (pid=17826)
20 Dec 14:39:02 - READ: `/home/chinachu/chinachu/data/reserves.json` is updated.
20 Dec 14:49:00 - SPAWN: node app-scheduler.js (pid=18381)
20 Dec 14:49:00 - STREAM: ./log/scheduler
20 Dec 14:49:02 - EXIT: node app-scheduler.js (pid=18381)
20 Dec 14:49:03 - READ: `/home/chinachu/chinachu/data/reserves.json` is updated.
20 Dec 14:59:00 - SPAWN: node app-scheduler.js (pid=18880)
20 Dec 14:59:00 - STREAM: ./log/scheduler
20 Dec 14:59:02 - EXIT: node app-scheduler.js (pid=18880)
20 Dec 14:59:03 - READ: `/home/chinachu/chinachu/data/reserves.json` is updated.
20 Dec 15:09:00 - SPAWN: node app-scheduler.js (pid=19428)
20 Dec 15:09:00 - STREAM: ./log/scheduler
20 Dec 15:09:02 - EXIT: node app-scheduler.js (pid=19428)
20 Dec 15:09:03 - READ: `/home/chinachu/chinachu/data/reserves.json` is updated.
20 Dec 15:19:00 - SPAWN: node app-scheduler.js (pid=19974)
20 Dec 15:19:00 - STREAM: ./log/scheduler
20 Dec 15:19:02 - EXIT: node app-scheduler.js (pid=19974)
20 Dec 15:19:03 - READ: `/home/chinachu/chinachu/data/reserves.json` is updated.
20 Dec 15:29:00 - SPAWN: node app-scheduler.js (pid=20518)
20 Dec 15:29:00 - STREAM: ./log/scheduler
20 Dec 15:29:02 - EXIT: node app-scheduler.js (pid=20518)
20 Dec 15:29:03 - READ: `/home/chinachu/chinachu/data/reserves.json` is updated.
20 Dec 15:39:00 - SPAWN: node app-scheduler.js (pid=21035)
20 Dec 15:39:00 - STREAM: ./log/scheduler
20 Dec 15:39:02 - EXIT: node app-scheduler.js (pid=21035)
20 Dec 15:39:03 - READ: `/home/chinachu/chinachu/data/reserves.json` is updated.
20 Dec 15:49:00 - SPAWN: node app-scheduler.js (pid=21564)
20 Dec 15:49:00 - STREAM: ./log/scheduler
20 Dec 15:49:02 - EXIT: node app-scheduler.js (pid=21564)
20 Dec 15:49:03 - READ: `/home/chinachu/chinachu/data/reserves.json` is updated.
20 Dec 15:59:00 - SPAWN: node app-scheduler.js (pid=22100)
20 Dec 15:59:00 - STREAM: ./log/scheduler
20 Dec 15:59:02 - EXIT: node app-scheduler.js (pid=22100)
20 Dec 15:59:03 - READ: `/home/chinachu/chinachu/data/reserves.json` is updated.
20 Dec 16:09:00 - SPAWN: node app-scheduler.js (pid=22657)
20 Dec 16:09:00 - STREAM: ./log/scheduler
20 Dec 16:09:02 - EXIT: node app-scheduler.js (pid=22657)
20 Dec 16:09:03 - READ: `/home/chinachu/chinachu/data/reserves.json` is updated.
20 Dec 16:19:00 - SPAWN: node app-scheduler.js (pid=23173)
20 Dec 16:19:00 - STREAM: ./log/scheduler
20 Dec 16:19:02 - EXIT: node app-scheduler.js (pid=23173)
20 Dec 16:19:03 - READ: `/home/chinachu/chinachu/data/reserves.json` is updated.
20 Dec 16:29:01 - SPAWN: node app-scheduler.js (pid=23706)
20 Dec 16:29:01 - STREAM: ./log/scheduler
20 Dec 16:29:03 - EXIT: node app-scheduler.js (pid=23706)
20 Dec 16:29:04 - READ: `/home/chinachu/chinachu/data/reserves.json` is updated.
20 Dec 16:39:01 - SPAWN: node app-scheduler.js (pid=24266)
20 Dec 16:39:01 - STREAM: ./log/scheduler
20 Dec 16:39:03 - EXIT: node app-scheduler.js (pid=24266)
20 Dec 16:39:04 - READ: `/home/chinachu/chinachu/data/reserves.json` is updated.
20 Dec 16:49:01 - SPAWN: node app-scheduler.js (pid=24791)
20 Dec 16:49:01 - STREAM: ./log/scheduler
20 Dec 16:49:03 - EXIT: node app-scheduler.js (pid=24791)
20 Dec 16:49:04 - READ: `/home/chinachu/chinachu/data/reserves.json` is updated.
20 Dec 16:59:01 - SPAWN: node app-scheduler.js (pid=25296)
20 Dec 16:59:01 - STREAM: ./log/scheduler
20 Dec 16:59:03 - EXIT: node app-scheduler.js (pid=25296)
20 Dec 16:59:04 - READ: `/home/chinachu/chinachu/data/reserves.json` is updated.
20 Dec 17:09:01 - SPAWN: node app-scheduler.js (pid=25848)
20 Dec 17:09:01 - STREAM: ./log/scheduler
20 Dec 17:09:03 - EXIT: node app-scheduler.js (pid=25848)
20 Dec 17:09:04 - READ: `/home/chinachu/chinachu/data/reserves.json` is updated.
20 Dec 17:19:01 - SPAWN: node app-scheduler.js (pid=26408)
20 Dec 17:19:01 - STREAM: ./log/scheduler
20 Dec 17:19:03 - EXIT: node app-scheduler.js (pid=26408)
20 Dec 17:19:04 - READ: `/home/chinachu/chinachu/data/reserves.json` is updated.
20 Dec 17:29:01 - SPAWN: node app-scheduler.js (pid=26928)
20 Dec 17:29:01 - STREAM: ./log/scheduler
20 Dec 17:29:03 - EXIT: node app-scheduler.js (pid=26928)
20 Dec 17:29:04 - READ: `/home/chinachu/chinachu/data/reserves.json` is updated.
20 Dec 17:29:47 - PREPARE: #3826py4fku 2019-12-20T17:30:00+0900 [テレビ東京１] 青春高校　３年Ｃ組
20 Dec 17:29:47 - WRITE: /home/chinachu/chinachu/data/recording.json
20 Dec 17:29:50 - RECORD: #3826py4fku 2019-12-20T17:30:00+0900 [テレビ東京１] 青春高校　３年Ｃ組
20 Dec 17:29:50 - STREAM: /home/rec/[191220-1730]青春高校　３年Ｃ組.ts
20 Dec 17:29:50 - WRITE: /home/chinachu/chinachu/data/recording.json
20 Dec 17:29:50 - WRITE: /home/chinachu/chinachu/data/recorded.json
20 Dec 17:29:50 - WRITE: /home/chinachu/chinachu/data/recording.json
20 Dec 17:29:50 - FIN: #3826py4fku 2019-12-20T17:30:00+0900 [テレビ東京１] 青春高校　３年Ｃ組
20 Dec 17:29:51 - READ: `/home/chinachu/chinachu/data/recorded.json` is updated.
20 Dec 17:29:53 - PREPARE: #3826py4fku 2019-12-20T17:30:00+0900 [テレビ東京１] 青春高校　３年Ｃ組
20 Dec 17:29:53 - WRITE: /home/chinachu/chinachu/data/recording.json
20 Dec 17:30:01 - RECORD: #3826py4fku 2019-12-20T17:30:00+0900 [テレビ東京１] 青春高校　３年Ｃ組
20 Dec 17:30:01 - STREAM: /home/rec/[191220-1730]青春高校　３年Ｃ組.ts
20 Dec 17:30:01 - WRITE: /home/chinachu/chinachu/data/recording.json
20 Dec 17:39:01 - SPAWN: node app-scheduler.js (pid=27464)
20 Dec 17:39:01 - STREAM: ./log/scheduler
20 Dec 17:39:03 - EXIT: node app-scheduler.js (pid=27464)
20 Dec 17:39:04 - READ: `/home/chinachu/chinachu/data/reserves.json` is updated.
20 Dec 17:39:04 - WRITE: /home/chinachu/chinachu/data/recording.json
20 Dec 17:49:01 - SPAWN: node app-scheduler.js (pid=27988)
20 Dec 17:49:01 - STREAM: ./log/scheduler
20 Dec 17:49:03 - EXIT: node app-scheduler.js (pid=27988)
20 Dec 17:49:04 - READ: `/home/chinachu/chinachu/data/reserves.json` is updated.
20 Dec 17:49:04 - WRITE: /home/chinachu/chinachu/data/recording.json
20 Dec 17:55:01 - WRITE: /home/chinachu/chinachu/data/recorded.json
20 Dec 17:55:01 - WRITE: /home/chinachu/chinachu/data/recording.json
20 Dec 17:55:01 - FIN: #3826py4fku 2019-12-20T17:30:00+0900 [テレビ東京１] 青春高校　３年Ｃ組
20 Dec 17:55:02 - READ: `/home/chinachu/chinachu/data/recorded.json` is updated.
20 Dec 17:59:01 - SPAWN: node app-scheduler.js (pid=28500)
20 Dec 17:59:01 - STREAM: ./log/scheduler
20 Dec 17:59:03 - EXIT: node app-scheduler.js (pid=28500)
20 Dec 17:59:04 - READ: `/home/chinachu/chinachu/data/reserves.json` is updated.
20 Dec 18:09:02 - SPAWN: node app-scheduler.js (pid=29065)
20 Dec 18:09:02 - STREAM: ./log/scheduler
20 Dec 18:09:03 - EXIT: node app-scheduler.js (pid=29065)
20 Dec 18:09:04 - READ: `/home/chinachu/chinachu/data/reserves.json` is updated.
20 Dec 18:19:02 - SPAWN: node app-scheduler.js (pid=29607)
20 Dec 18:19:02 - STREAM: ./log/scheduler
20 Dec 18:19:04 - EXIT: node app-scheduler.js (pid=29607)
20 Dec 18:19:05 - READ: `/home/chinachu/chinachu/data/reserves.json` is updated.
20 Dec 18:29:02 - SPAWN: node app-scheduler.js (pid=30123)
20 Dec 18:29:02 - STREAM: ./log/scheduler
20 Dec 18:29:04 - EXIT: node app-scheduler.js (pid=30123)
20 Dec 18:29:05 - READ: `/home/chinachu/chinachu/data/reserves.json` is updated.
20 Dec 18:39:02 - SPAWN: node app-scheduler.js (pid=30649)
20 Dec 18:39:02 - STREAM: ./log/scheduler
20 Dec 18:39:04 - EXIT: node app-scheduler.js (pid=30649)
20 Dec 18:39:05 - READ: `/home/chinachu/chinachu/data/reserves.json` is updated.
20 Dec 18:49:02 - SPAWN: node app-scheduler.js (pid=31189)
20 Dec 18:49:02 - STREAM: ./log/scheduler
20 Dec 18:49:04 - EXIT: node app-scheduler.js (pid=31189)
20 Dec 18:49:05 - READ: `/home/chinachu/chinachu/data/reserves.json` is updated.
20 Dec 18:59:02 - SPAWN: node app-scheduler.js (pid=31722)
20 Dec 18:59:02 - STREAM: ./log/scheduler
20 Dec 18:59:04 - EXIT: node app-scheduler.js (pid=31722)
20 Dec 18:59:05 - READ: `/home/chinachu/chinachu/data/reserves.json` is updated.
20 Dec 19:09:02 - SPAWN: node app-scheduler.js (pid=32262)
20 Dec 19:09:02 - STREAM: ./log/scheduler
20 Dec 19:09:04 - EXIT: node app-scheduler.js (pid=32262)
20 Dec 19:09:05 - READ: `/home/chinachu/chinachu/data/reserves.json` is updated.
20 Dec 19:19:02 - SPAWN: node app-scheduler.js (pid=320)
20 Dec 19:19:02 - STREAM: ./log/scheduler
20 Dec 19:19:04 - EXIT: node app-scheduler.js (pid=320)
20 Dec 19:19:05 - READ: `/home/chinachu/chinachu/data/reserves.json` is updated.
20 Dec 19:29:02 - SPAWN: node app-scheduler.js (pid=946)
20 Dec 19:29:02 - STREAM: ./log/scheduler
20 Dec 19:29:04 - EXIT: node app-scheduler.js (pid=946)
20 Dec 19:29:05 - READ: `/home/chinachu/chinachu/data/reserves.json` is updated.
20 Dec 19:39:02 - SPAWN: node app-scheduler.js (pid=1577)
20 Dec 19:39:02 - STREAM: ./log/scheduler
20 Dec 19:39:04 - EXIT: node app-scheduler.js (pid=1577)
20 Dec 19:39:05 - READ: `/home/chinachu/chinachu/data/reserves.json` is updated.
20 Dec 19:49:02 - SPAWN: node app-scheduler.js (pid=2117)
20 Dec 19:49:02 - STREAM: ./log/scheduler
20 Dec 19:49:04 - EXIT: node app-scheduler.js (pid=2117)
20 Dec 19:49:05 - READ: `/home/chinachu/chinachu/data/reserves.json` is updated.
20 Dec 19:59:03 - SPAWN: node app-scheduler.js (pid=2631)
20 Dec 19:59:03 - STREAM: ./log/scheduler
20 Dec 19:59:04 - EXIT: node app-scheduler.js (pid=2631)
20 Dec 19:59:05 - READ: `/home/chinachu/chinachu/data/reserves.json` is updated.
